<?xml version="1.0" encoding="UTF-8"?>
<!-- Generated by org.testng.reporters.JUnitXMLReporter -->
<testsuite ignored="0" hostname="DESKTOP-7EUDCAL" failures="0" tests="4" name="Test" time="13.242" errors="0" timestamp="2022-12-07T20:29:00 GMT-05:00">
  <testcase classname="com.sauce.testcases.LoginTest" name="invalidlogin" time="0.663"/>
  <testcase classname="com.sauce.testcases.LoginTest" name="login" time="0.707"/>
  <testcase classname="com.sauce.testcases.LogoutTest" name="logouttest" time="0.852"/>
  <testcase classname="com.sauce.testcases.AddtocartTest" name="addtocart" time="0.847"/>
</testsuite> <!-- Test -->
