<?xml version="1.0" encoding="UTF-8"?>
<testng-results ignored="0" total="1" passed="1" failed="0" skipped="0">
  <reporter-output>
  </reporter-output>
  <suite started-at="2022-10-07T21:46:23 GMT-04:00" name="Default suite" finished-at="2022-10-07T21:46:36 GMT-04:00" duration-ms="12524">
    <groups>
    </groups>
    <test started-at="2022-10-07T21:46:23 GMT-04:00" name="Default test" finished-at="2022-10-07T21:46:36 GMT-04:00" duration-ms="12524">
      <class name="com.selenium.tests.LogOutTest">
        <test-method signature="logout()[pri:0, instance:com.selenium.tests.LogOutTest@55634720]" started-at="2022-10-07T21:46:23 GMT-04:00" name="logout" finished-at="2022-10-07T21:46:36 GMT-04:00" duration-ms="12470" status="PASS">
          <reporter-output>
          </reporter-output>
        </test-method> <!-- logout -->
      </class> <!-- com.selenium.tests.LogOutTest -->
    </test> <!-- Default test -->
  </suite> <!-- Default suite -->
</testng-results>
