<?xml version="1.0" encoding="UTF-8"?>
<!-- Generated by org.testng.reporters.JUnitXMLReporter -->
<testsuite ignored="0" hostname="DESKTOP-7EUDCAL" failures="0" tests="4" name="SAUCE TESTS" time="13.521" errors="0" timestamp="2022-10-05T21:29:34 GMT-04:00">
  <testcase classname="com.sauce.tests.LoginTest" name="Validlogintest" time="0.739"/>
  <testcase classname="com.sauce.tests.LoginTest" name="invalidlogintest" time="0.647"/>
  <testcase classname="com.sauce.tests.AddTocarTest" name="addtocarttest" time="0.867"/>
  <testcase classname="com.sauce.tests.LogoutTest" name="logout" time="0.919"/>
</testsuite> <!-- SAUCE TESTS -->
