<?xml version="1.0" encoding="UTF-8"?>
<testng-results ignored="0" total="4" passed="4" failed="0" skipped="0">
  <reporter-output>
  </reporter-output>
  <suite started-at="2022-10-05T21:29:21 GMT-04:00" name="SAUCE SUITE" finished-at="2022-10-05T21:29:34 GMT-04:00" duration-ms="13521">
    <groups>
    </groups>
    <test started-at="2022-10-05T21:29:21 GMT-04:00" name="SAUCE TESTS" finished-at="2022-10-05T21:29:34 GMT-04:00" duration-ms="13521">
      <class name="com.sauce.tests.LoginTest">
        <test-method is-config="true" signature="intial()[pri:0, instance:com.sauce.tests.LoginTest@51f116b8]" started-at="2022-10-05T21:29:21 GMT-04:00" name="intial" finished-at="2022-10-05T21:29:25 GMT-04:00" duration-ms="4139" status="PASS">
          <reporter-output>
          </reporter-output>
        </test-method> <!-- intial -->
        <test-method signature="Validlogintest()[pri:0, instance:com.sauce.tests.LoginTest@51f116b8]" started-at="2022-10-05T21:29:25 GMT-04:00" name="Validlogintest" finished-at="2022-10-05T21:29:26 GMT-04:00" duration-ms="739" status="PASS">
          <reporter-output>
          </reporter-output>
        </test-method> <!-- Validlogintest -->
        <test-method is-config="true" signature="teardown()[pri:0, instance:com.sauce.tests.LoginTest@51f116b8]" started-at="2022-10-05T21:29:26 GMT-04:00" name="teardown" finished-at="2022-10-05T21:29:26 GMT-04:00" duration-ms="376" status="PASS">
          <reporter-output>
          </reporter-output>
        </test-method> <!-- teardown -->
        <test-method is-config="true" signature="intial()[pri:0, instance:com.sauce.tests.LoginTest@51f116b8]" started-at="2022-10-05T21:29:26 GMT-04:00" name="intial" finished-at="2022-10-05T21:29:28 GMT-04:00" duration-ms="1715" status="PASS">
          <reporter-output>
          </reporter-output>
        </test-method> <!-- intial -->
        <test-method signature="invalidlogintest()[pri:0, instance:com.sauce.tests.LoginTest@51f116b8]" started-at="2022-10-05T21:29:28 GMT-04:00" name="invalidlogintest" finished-at="2022-10-05T21:29:28 GMT-04:00" duration-ms="647" status="PASS">
          <reporter-output>
          </reporter-output>
        </test-method> <!-- invalidlogintest -->
        <test-method is-config="true" signature="teardown()[pri:0, instance:com.sauce.tests.LoginTest@51f116b8]" started-at="2022-10-05T21:29:28 GMT-04:00" name="teardown" finished-at="2022-10-05T21:29:29 GMT-04:00" duration-ms="371" status="PASS">
          <reporter-output>
          </reporter-output>
        </test-method> <!-- teardown -->
      </class> <!-- com.sauce.tests.LoginTest -->
      <class name="com.sauce.tests.LogoutTest">
        <test-method is-config="true" signature="intial()[pri:0, instance:com.sauce.tests.LogoutTest@2dde1bff]" started-at="2022-10-05T21:29:31 GMT-04:00" name="intial" finished-at="2022-10-05T21:29:33 GMT-04:00" duration-ms="1489" status="PASS">
          <reporter-output>
          </reporter-output>
        </test-method> <!-- intial -->
        <test-method signature="logout()[pri:0, instance:com.sauce.tests.LogoutTest@2dde1bff]" started-at="2022-10-05T21:29:33 GMT-04:00" name="logout" finished-at="2022-10-05T21:29:34 GMT-04:00" duration-ms="919" status="PASS">
          <reporter-output>
          </reporter-output>
        </test-method> <!-- logout -->
        <test-method is-config="true" signature="teardown()[pri:0, instance:com.sauce.tests.LogoutTest@2dde1bff]" started-at="2022-10-05T21:29:34 GMT-04:00" name="teardown" finished-at="2022-10-05T21:29:34 GMT-04:00" duration-ms="384" status="PASS">
          <reporter-output>
          </reporter-output>
        </test-method> <!-- teardown -->
      </class> <!-- com.sauce.tests.LogoutTest -->
      <class name="com.sauce.tests.AddTocarTest">
        <test-method is-config="true" signature="intial()[pri:0, instance:com.sauce.tests.AddTocarTest@10163d6]" started-at="2022-10-05T21:29:29 GMT-04:00" name="intial" finished-at="2022-10-05T21:29:30 GMT-04:00" duration-ms="1454" status="PASS">
          <reporter-output>
          </reporter-output>
        </test-method> <!-- intial -->
        <test-method signature="addtocarttest()[pri:0, instance:com.sauce.tests.AddTocarTest@10163d6]" started-at="2022-10-05T21:29:30 GMT-04:00" name="addtocarttest" finished-at="2022-10-05T21:29:31 GMT-04:00" duration-ms="867" status="PASS">
          <reporter-output>
          </reporter-output>
        </test-method> <!-- addtocarttest -->
        <test-method is-config="true" signature="teardown()[pri:0, instance:com.sauce.tests.AddTocarTest@10163d6]" started-at="2022-10-05T21:29:31 GMT-04:00" name="teardown" finished-at="2022-10-05T21:29:31 GMT-04:00" duration-ms="361" status="PASS">
          <reporter-output>
          </reporter-output>
        </test-method> <!-- teardown -->
      </class> <!-- com.sauce.tests.AddTocarTest -->
    </test> <!-- SAUCE TESTS -->
  </suite> <!-- SAUCE SUITE -->
</testng-results>
