<?xml version="1.0" encoding="UTF-8"?>
<!-- Generated by org.testng.reporters.JUnitXMLReporter -->
<testsuite ignored="0" hostname="DESKTOP-7EUDCAL" failures="0" tests="3" name="Test" time="33.691" errors="0" timestamp="2022-10-03T22:02:51 GMT-04:00">
  <testcase classname="com.janbask.testngTescases.LogOutTest" name="logout" time="15.606"/>
  <testcase classname="com.janbask.testngTescases.LoginTest" name="login" time="8.827"/>
  <testcase classname="com.janbask.testngTescases.AddToCartTest" name="addtocart" time="9.117"/>
</testsuite> <!-- Test -->
