<?xml version="1.0" encoding="UTF-8"?>
<testng-results ignored="0" total="2" passed="2" failed="0" skipped="0">
  <reporter-output>
  </reporter-output>
  <suite started-at="2022-12-06T21:12:37 GMT-05:00" name="Default suite" finished-at="2022-12-06T21:12:51 GMT-05:00" duration-ms="14156">
    <groups>
    </groups>
    <test started-at="2022-12-06T21:12:37 GMT-05:00" name="Default test" finished-at="2022-12-06T21:12:51 GMT-05:00" duration-ms="14156">
      <class name="com.sauce.testcases.LoginTest">
        <test-method is-config="true" signature="intial()[pri:0, instance:com.sauce.testcases.LoginTest@27f981c6]" started-at="2022-12-06T21:12:37 GMT-05:00" name="intial" finished-at="2022-12-06T21:12:44 GMT-05:00" duration-ms="6806" status="PASS">
          <reporter-output>
          </reporter-output>
        </test-method> <!-- intial -->
        <test-method signature="invalidlogin()[pri:0, instance:com.sauce.testcases.LoginTest@27f981c6]" started-at="2022-12-06T21:12:44 GMT-05:00" name="invalidlogin" finished-at="2022-12-06T21:12:44 GMT-05:00" duration-ms="459" status="PASS">
          <reporter-output>
          </reporter-output>
        </test-method> <!-- invalidlogin -->
        <test-method is-config="true" signature="teardown()[pri:0, instance:com.sauce.testcases.LoginTest@27f981c6]" started-at="2022-12-06T21:12:44 GMT-05:00" name="teardown" finished-at="2022-12-06T21:12:45 GMT-05:00" duration-ms="940" status="PASS">
          <reporter-output>
          </reporter-output>
        </test-method> <!-- teardown -->
        <test-method is-config="true" signature="intial()[pri:0, instance:com.sauce.testcases.LoginTest@27f981c6]" started-at="2022-12-06T21:12:45 GMT-05:00" name="intial" finished-at="2022-12-06T21:12:50 GMT-05:00" duration-ms="4389" status="PASS">
          <reporter-output>
          </reporter-output>
        </test-method> <!-- intial -->
        <test-method signature="login()[pri:0, instance:com.sauce.testcases.LoginTest@27f981c6]" started-at="2022-12-06T21:12:50 GMT-05:00" name="login" finished-at="2022-12-06T21:12:50 GMT-05:00" duration-ms="544" status="PASS">
          <reporter-output>
          </reporter-output>
        </test-method> <!-- login -->
        <test-method is-config="true" signature="teardown()[pri:0, instance:com.sauce.testcases.LoginTest@27f981c6]" started-at="2022-12-06T21:12:50 GMT-05:00" name="teardown" finished-at="2022-12-06T21:12:51 GMT-05:00" duration-ms="948" status="PASS">
          <reporter-output>
          </reporter-output>
        </test-method> <!-- teardown -->
      </class> <!-- com.sauce.testcases.LoginTest -->
    </test> <!-- Default test -->
  </suite> <!-- Default suite -->
</testng-results>
