<?xml version="1.0" encoding="UTF-8"?>
<!-- Generated by org.testng.reporters.JUnitXMLReporter -->
<testsuite ignored="0" hostname="DESKTOP-7EUDCAL" failures="0" tests="3" name="SauceTest" time="9.85" errors="0" timestamp="2022-12-05T21:00:41 GMT-05:00">
  <testcase classname="com.janbask.testngTescases.LogOutTest" name="logout" time="4.635"/>
  <testcase classname="com.janbask.testngTescases.LoginTest" name="login" time="2.572"/>
  <testcase classname="com.janbask.testngTescases.AddToCartTest" name="addtocart" time="2.576"/>
</testsuite> <!-- SauceTest -->
