<?xml version="1.0" encoding="UTF-8"?>
<!-- Generated by org.testng.reporters.JUnitXMLReporter -->
<testsuite ignored="0" hostname="DESKTOP-7EUDCAL" failures="0" tests="4" name="Surefire test" time="13.325" errors="0" timestamp="2022-12-07T20:33:13 GMT-05:00">
  <testcase classname="com.sauce.testcases.AddtocartTest" name="addtocart" time="0.969"/>
  <testcase classname="com.sauce.testcases.LoginTest" name="invalidlogin" time="0.644"/>
  <testcase classname="com.sauce.testcases.LoginTest" name="login" time="0.737"/>
  <testcase classname="com.sauce.testcases.LogoutTest" name="logouttest" time="0.96"/>
</testsuite> <!-- Surefire test -->
