<?xml version="1.0" encoding="UTF-8"?>
<!-- Generated by org.testng.reporters.JUnitXMLReporter -->
<testsuite ignored="0" hostname="DESKTOP-7EUDCAL" failures="0" tests="4" name="Default test" time="0.078" errors="0" timestamp="2022-12-05T20:52:42 GMT-05:00">
  <testcase classname="Priority_Ex" name="agrade" time="0.011"/>
  <testcase classname="Priority_Ex" name="branch" time="0.002"/>
  <testcase classname="Priority_Ex" name="salary" time="0.002"/>
  <testcase classname="Priority_Ex" name="pf" time="0.002"/>
</testsuite> <!-- Default test -->
